<?xml version="1.0" encoding="UTF-8"?>
<testsuite xmlns:xsi="http://www.w3.org/2001/XMLSchema-instance" xsi:noNamespaceSchemaLocation="https://maven.apache.org/surefire/maven-surefire-plugin/xsd/surefire-test-report-3.0.xsd" version="3.0" name="com.simplilearn.testing.AmazonHomePageTest" time="8.686" tests="2" errors="0" skipped="0" failures="0">
  <properties>
[...]
</properties>
  <testcase name="testAmazonHomePageSourceURL" classname="com.simplilearn.testing.AmazonHomePageTest" time="4.398">
    <system-err><![CDATA[1618403916424	geckodriver	INFO	Listening on 127.0.0.1:14360
1618403916439	mozrunner::runner	INFO	Running command: "/usr/lib/firefox/firefox" "--marionette" "--headless" "-foreground" "-no-remote" "-profile" "/tmp/rust_mozprofile9uAaTx"
*** You are running in headless mode.

(/usr/lib/firefox/firefox:6174): GLib-GObject-CRITICAL **: g_object_set: assertion 'G_IS_OBJECT (object)' failed

(/usr/lib/firefox/firefox:6191): GLib-GObject-CRITICAL **: g_object_set: assertion 'G_IS_OBJECT (object)' failed
console.warn: SearchSettings: "get: No settings file exists, new profile?" (new Error("", "(unknown module)"))
1618403918375	Marionette	INFO	Listening on port 40731

(/usr/lib/firefox/firefox:6379): GLib-GObject-CRITICAL **: g_object_set: assertion 'G_IS_OBJECT (object)' failed
1618403918485	Marionette	WARN	TLS certificate errors will be ignored for this session
Apr 14, 2021 12:38:38 PM org.openqa.selenium.remote.ProtocolHandshake createSession
INFO: Detected dialect: W3C
1618403919667	Marionette	INFO	Stopped listening on port 40731
JavaScript warning: https://www.amazon.in/ line 6 > injectedScript, line 1: WebGL warning: <Create>: Can't use WebGL in headless mode (https://bugzil.la/1375585).
JavaScript warning: https://www.amazon.in/ line 6 > injectedScript, line 1: Failed to create WebGL context: WebGL creation failed: 
* Can't use WebGL in headless mode (https://bugzil.la/1375585).
JavaScript warning: https://www.amazon.in/ line 6 > injectedScript, line 1: WebGL warning: <Create>: Can't use WebGL in headless mode (https://bugzil.la/1375585).
JavaScript warning: https://www.amazon.in/ line 6 > injectedScript, line 1: Failed to create WebGL context: WebGL creation failed: 
* Can't use WebGL in headless mode (https://bugzil.la/1375585).
JavaScript error: resource:///modules/FaviconLoader.jsm, line 596: InvalidStateError: JSWindowActorChild.sendAsyncMessage: JSWindowActorChild cannot send at the moment
JavaScript error: resource://gre/modules/AsyncShutdown.jsm, line 718: Error: Phase "Sqlite.jsm: wait until all connections are closed" is finished, it is too late to register completion condition "protections.sqlite#0: waiting for shutdown"
]]></system-err>
  </testcase>
  <testcase name="testAmazonHomePageTitle" classname="com.simplilearn.testing.AmazonHomePageTest" time="4.285">
    <system-err><![CDATA[1618403920882	geckodriver	INFO	Listening on 127.0.0.1:14120
1618403920897	mozrunner::runner	INFO	Running command: "/usr/lib/firefox/firefox" "--marionette" "--headless" "-foreground" "-no-remote" "-profile" "/tmp/rust_mozprofileSZ3Ibs"
*** You are running in headless mode.

(/usr/lib/firefox/firefox:6876): GLib-GObject-CRITICAL **: g_object_set: assertion 'G_IS_OBJECT (object)' failed

(/usr/lib/firefox/firefox:6894): GLib-GObject-CRITICAL **: g_object_set: assertion 'G_IS_OBJECT (object)' failed
console.warn: SearchSettings: "get: No settings file exists, new profile?" (new Error("", "(unknown module)"))
1618403922814	Marionette	INFO	Listening on port 34554

(/usr/lib/firefox/firefox:7183): GLib-GObject-CRITICAL **: g_object_set: assertion 'G_IS_OBJECT (object)' failed
1618403922937	Marionette	WARN	TLS certificate errors will be ignored for this session
Apr 14, 2021 12:38:42 PM org.openqa.selenium.remote.ProtocolHandshake createSession
INFO: Detected dialect: W3C
1618403923973	Marionette	INFO	Stopped listening on port 34554
JavaScript warning: https://www.amazon.in/ line 6 > injectedScript, line 1: WebGL warning: <Create>: Can't use WebGL in headless mode (https://bugzil.la/1375585).
JavaScript warning: https://www.amazon.in/ line 6 > injectedScript, line 1: Failed to create WebGL context: WebGL creation failed: 
* Can't use WebGL in headless mode (https://bugzil.la/1375585).
JavaScript warning: https://www.amazon.in/ line 6 > injectedScript, line 1: WebGL warning: <Create>: Can't use WebGL in headless mode (https://bugzil.la/1375585).
JavaScript warning: https://www.amazon.in/ line 6 > injectedScript, line 1: Failed to create WebGL context: WebGL creation failed: 
* Can't use WebGL in headless mode (https://bugzil.la/1375585).
JavaScript error: https://images-eu.ssl-images-amazon.com/images/I/61-6nKPKyWL.js?AUIClients/AmazonUIjQuery, line 28: NS_ERROR_NOT_INITIALIZED: 

###!!! [Parent][RunMessage] Error: Channel closing: too late to send/recv, messages will be lost


###!!! [Parent][RunMessage] Error: Channel closing: too late to send/recv, messages will be lost

]]></system-err>
  </testcase>
</testsuite>