<?xml version="1.0" encoding="UTF-8"?>
<testsuite xmlns:xsi="http://www.w3.org/2001/XMLSchema-instance" xsi:noNamespaceSchemaLocation="https://maven.apache.org/surefire/maven-surefire-plugin/xsd/surefire-test-report-3.0.xsd" version="3.0" name="com.simplilearn.testing.AmazonNavLinkTest" time="13.447" tests="2" errors="0" skipped="0" failures="0">
  <properties>
[...]
</properties>
  <testcase name="testTodaysDealNavigationLink" classname="com.simplilearn.testing.AmazonNavLinkTest" time="6.673">
    <system-err><![CDATA[1618403903306	geckodriver	INFO	Listening on 127.0.0.1:22036
1618403903480	mozrunner::runner	INFO	Running command: "/usr/lib/firefox/firefox" "--marionette" "--headless" "-foreground" "-no-remote" "-profile" "/tmp/rust_mozprofilecHYxpX"
*** You are running in headless mode.

(/usr/lib/firefox/firefox:4043): GLib-GObject-CRITICAL **: g_object_set: assertion 'G_IS_OBJECT (object)' failed

(/usr/lib/firefox/firefox:4064): GLib-GObject-CRITICAL **: g_object_set: assertion 'G_IS_OBJECT (object)' failed
console.warn: SearchSettings: "get: No settings file exists, new profile?" (new Error("", "(unknown module)"))
1618403905469	Marionette	INFO	Listening on port 38153
1618403905516	Marionette	WARN	TLS certificate errors will be ignored for this session
Apr 14, 2021 12:38:25 PM org.openqa.selenium.remote.ProtocolHandshake createSession
INFO: Detected dialect: W3C

(/usr/lib/firefox/firefox:4377): GLib-GObject-CRITICAL **: g_object_set: assertion 'G_IS_OBJECT (object)' failed
JavaScript warning: https://www.amazon.in/ line 6 > injectedScript, line 1: WebGL warning: <Create>: Can't use WebGL in headless mode (https://bugzil.la/1375585).
JavaScript warning: https://www.amazon.in/ line 6 > injectedScript, line 1: Failed to create WebGL context: WebGL creation failed: 
* Can't use WebGL in headless mode (https://bugzil.la/1375585).
JavaScript warning: https://www.amazon.in/ line 6 > injectedScript, line 1: WebGL warning: <Create>: Can't use WebGL in headless mode (https://bugzil.la/1375585).
JavaScript warning: https://www.amazon.in/ line 6 > injectedScript, line 1: Failed to create WebGL context: WebGL creation failed: 
* Can't use WebGL in headless mode (https://bugzil.la/1375585).
JavaScript warning: https://www.amazon.in/gp/goldbox?ref_=nav_cs_gb_5bf06ae8328043a2beb2754f40a54c84 line 6 > injectedScript, line 1: WebGL warning: <Create>: Can't use WebGL in headless mode (https://bugzil.la/1375585).
JavaScript warning: https://www.amazon.in/gp/goldbox?ref_=nav_cs_gb_5bf06ae8328043a2beb2754f40a54c84 line 6 > injectedScript, line 1: Failed to create WebGL context: WebGL creation failed: 
* Can't use WebGL in headless mode (https://bugzil.la/1375585).
JavaScript warning: https://www.amazon.in/gp/goldbox?ref_=nav_cs_gb_5bf06ae8328043a2beb2754f40a54c84 line 6 > injectedScript, line 1: WebGL warning: <Create>: Can't use WebGL in headless mode (https://bugzil.la/1375585).
JavaScript warning: https://www.amazon.in/gp/goldbox?ref_=nav_cs_gb_5bf06ae8328043a2beb2754f40a54c84 line 6 > injectedScript, line 1: Failed to create WebGL context: WebGL creation failed: 
* Can't use WebGL in headless mode (https://bugzil.la/1375585).
1618403908304	Marionette	INFO	Stopped listening on port 38153
JavaScript error: https://images-eu.ssl-images-amazon.com/images/I/81ugq5l0v5L.js?AUIClients/GoldboxMobileAssets, line 72: TypeError: p.object is not a function
JavaScript error: chrome://global/content/elements/browser-custom-element.js, line 1709: NotFoundError: No such JSWindowActor 'MarionetteEvents'
JavaScript error: resource:///modules/FaviconLoader.jsm, line 596: InvalidStateError: JSWindowActorChild.sendAsyncMessage: JSWindowActorChild cannot send at the moment
]]></system-err>
  </testcase>
  <testcase name="testMobileNavigationLink" classname="com.simplilearn.testing.AmazonNavLinkTest" time="6.762">
    <system-err><![CDATA[1618403909656	geckodriver	INFO	Listening on 127.0.0.1:19557
1618403909673	mozrunner::runner	INFO	Running command: "/usr/lib/firefox/firefox" "--marionette" "--headless" "-foreground" "-no-remote" "-profile" "/tmp/rust_mozprofileSrR22X"
*** You are running in headless mode.

(/usr/lib/firefox/firefox:5070): GLib-GObject-CRITICAL **: g_object_set: assertion 'G_IS_OBJECT (object)' failed

(/usr/lib/firefox/firefox:5087): GLib-GObject-CRITICAL **: g_object_set: assertion 'G_IS_OBJECT (object)' failed
console.warn: SearchSettings: "get: No settings file exists, new profile?" (new Error("", "(unknown module)"))
1618403911785	Marionette	INFO	Listening on port 35542

(/usr/lib/firefox/firefox:5407): GLib-GObject-CRITICAL **: g_object_set: assertion 'G_IS_OBJECT (object)' failed
1618403911909	Marionette	WARN	TLS certificate errors will be ignored for this session
Apr 14, 2021 12:38:31 PM org.openqa.selenium.remote.ProtocolHandshake createSession
INFO: Detected dialect: W3C
JavaScript warning: https://www.amazon.in/ line 6 > injectedScript, line 1: WebGL warning: <Create>: Can't use WebGL in headless mode (https://bugzil.la/1375585).
JavaScript warning: https://www.amazon.in/ line 6 > injectedScript, line 1: Failed to create WebGL context: WebGL creation failed: 
* Can't use WebGL in headless mode (https://bugzil.la/1375585).
JavaScript warning: https://www.amazon.in/ line 6 > injectedScript, line 1: WebGL warning: <Create>: Can't use WebGL in headless mode (https://bugzil.la/1375585).
JavaScript warning: https://www.amazon.in/ line 6 > injectedScript, line 1: Failed to create WebGL context: WebGL creation failed: 
* Can't use WebGL in headless mode (https://bugzil.la/1375585).
1618403915588	Marionette	INFO	Stopped listening on port 35542
JavaScript warning: https://www.amazon.in/mobile-phones/b/?ie=UTF8&node=1389401031&ref_=nav_cs_mobiles_9292c6cb7b394d30b2467b8f631090a7 line 6 > injectedScript, line 1: WebGL warning: <Create>: Can't use WebGL in headless mode (https://bugzil.la/1375585).
JavaScript warning: https://www.amazon.in/mobile-phones/b/?ie=UTF8&node=1389401031&ref_=nav_cs_mobiles_9292c6cb7b394d30b2467b8f631090a7 line 6 > injectedScript, line 1: Failed to create WebGL context: WebGL creation failed: 
* Can't use WebGL in headless mode (https://bugzil.la/1375585).
JavaScript warning: https://www.amazon.in/mobile-phones/b/?ie=UTF8&node=1389401031&ref_=nav_cs_mobiles_9292c6cb7b394d30b2467b8f631090a7 line 6 > injectedScript, line 1: WebGL warning: <Create>: Can't use WebGL in headless mode (https://bugzil.la/1375585).
JavaScript warning: https://www.amazon.in/mobile-phones/b/?ie=UTF8&node=1389401031&ref_=nav_cs_mobiles_9292c6cb7b394d30b2467b8f631090a7 line 6 > injectedScript, line 1: Failed to create WebGL context: WebGL creation failed: 
* Can't use WebGL in headless mode (https://bugzil.la/1375585).
JavaScript error: chrome://global/content/elements/browser-custom-element.js, line 1709: NotFoundError: No such JSWindowActor 'MarionetteEvents'
JavaScript error: resource:///actors/ContentMetaChild.jsm, line 179: InvalidStateError: JSWindowActorChild.sendAsyncMessage: JSWindowActorChild cannot send at the moment
]]></system-err>
  </testcase>
</testsuite>